<?xml version="1.0" encoding="UTF-8"?>
<!-- Generated by org.testng.reporters.JUnitXMLReporter -->
<testsuite hostname="PINKYPRIYA" ignored="0" name="Test" tests="11" failures="1" timestamp="21 Dec 2020 07:50:14 GMT" time="0.399" errors="0">
  <testcase name="test1" time="0.032" classname="org.testng.FailedCaseManual"/>
  <testcase name="test2" time="0.028" classname="org.testng.FailedCaseManual">
    <skipped/>
  </testcase> <!-- test2 -->
  <testcase name="test2" time="0.033" classname="org.testng.FailedCaseManual">
    <skipped/>
  </testcase> <!-- test2 -->
  <testcase name="test2" time="0.005" classname="org.testng.FailedCaseManual">
    <skipped/>
  </testcase> <!-- test2 -->
  <testcase name="test2" time="0.007" classname="org.testng.FailedCaseManual">
    <skipped/>
  </testcase> <!-- test2 -->
  <testcase name="test2" time="0.019" classname="org.testng.FailedCaseManual">
    <skipped/>
  </testcase> <!-- test2 -->
  <testcase name="test2" time="0.006" classname="org.testng.FailedCaseManual">
    <skipped/>
  </testcase> <!-- test2 -->
  <testcase name="test2" time="0.013" classname="org.testng.FailedCaseManual">
    <skipped/>
  </testcase> <!-- test2 -->
  <testcase name="test2" time="0.003" classname="org.testng.FailedCaseManual">
    <skipped/>
  </testcase> <!-- test2 -->
  <testcase name="test2" time="0.012" classname="org.testng.FailedCaseManual">
    <skipped/>
  </testcase> <!-- test2 -->
  <testcase name="test2" time="0.002" classname="org.testng.FailedCaseManual">
    <failure type="java.lang.AssertionError" message="The following asserts failed:
	expected [priya] but found [Priya]">
      <![CDATA[java.lang.AssertionError: The following asserts failed:
expected [priya] but found [Priya]
... Removed 27 stack frames]]>
    </failure>
  </testcase> <!-- test2 -->
</testsuite> <!-- Test -->
