<?xml version="1.0" encoding="UTF-8"?>
<testng-results skipped="0" failed="1" ignored="0" total="1" passed="0">
  <reporter-output>
  </reporter-output>
  <suite name="Default suite" duration-ms="122" started-at="2020-12-24T07:16:13Z" finished-at="2020-12-24T07:16:13Z">
    <groups>
    </groups>
    <test name="Default test" duration-ms="122" started-at="2020-12-24T07:16:13Z" finished-at="2020-12-24T07:16:13Z">
      <class name="org.testcases.LoginAndLogOut">
        <test-method status="PASS" signature="startReport()[pri:0, instance:org.testcases.LoginAndLogOut@4883b407]" name="startReport" is-config="true" duration-ms="1072" started-at="2020-12-24T12:46:12Z" finished-at="2020-12-24T12:46:13Z">
          <reporter-output>
          </reporter-output>
        </test-method> <!-- startReport -->
        <test-method status="PASS" signature="setDetails()[pri:0, instance:org.testcases.LoginAndLogOut@4883b407]" name="setDetails" is-config="true" duration-ms="0" started-at="2020-12-24T12:46:13Z" finished-at="2020-12-24T12:46:13Z">
          <reporter-output>
          </reporter-output>
        </test-method> <!-- setDetails -->
        <test-method status="PASS" signature="testDetails()[pri:0, instance:org.testcases.LoginAndLogOut@4883b407]" name="testDetails" is-config="true" duration-ms="21" started-at="2020-12-24T12:46:13Z" finished-at="2020-12-24T12:46:13Z">
          <reporter-output>
          </reporter-output>
        </test-method> <!-- testDetails -->
        <test-method status="FAIL" signature="loginlogout(java.lang.String, java.lang.String)[pri:0, instance:org.testcases.LoginAndLogOut@4883b407]" name="loginlogout" duration-ms="0" started-at="2020-12-24T12:46:13Z" data-provider="fetchData" finished-at="2020-12-24T12:46:13Z">
          <exception class="org.testng.TestNGException">
            <message>
              <![CDATA[
Method public void org.testcases.LoginAndLogOut.loginlogout(java.lang.String,java.lang.String) requires a @DataProvider named : fetchData]]>
            </message>
            <full-stacktrace>
              <![CDATA[org.testng.TestNGException: 
Method public void org.testcases.LoginAndLogOut.loginlogout(java.lang.String,java.lang.String) requires a @DataProvider named : fetchData
	at org.testng.internal.Parameters.findDataProvider(Parameters.java:336)
	at org.testng.internal.Parameters.handleParameters(Parameters.java:498)
	at org.testng.internal.Invoker.handleParameters(Invoker.java:1308)
	at org.testng.internal.Invoker.createParameters(Invoker.java:1036)
	at org.testng.internal.Invoker.invokeTestMethods(Invoker.java:1126)
	at org.testng.internal.TestMethodWorker.invokeTestMethods(TestMethodWorker.java:126)
	at org.testng.internal.TestMethodWorker.run(TestMethodWorker.java:109)
	at org.testng.TestRunner.privateRun(TestRunner.java:744)
	at org.testng.TestRunner.run(TestRunner.java:602)
	at org.testng.SuiteRunner.runTest(SuiteRunner.java:380)
	at org.testng.SuiteRunner.runSequentially(SuiteRunner.java:375)
	at org.testng.SuiteRunner.privateRun(SuiteRunner.java:340)
	at org.testng.SuiteRunner.run(SuiteRunner.java:289)
	at org.testng.SuiteRunnerWorker.runSuite(SuiteRunnerWorker.java:52)
	at org.testng.SuiteRunnerWorker.run(SuiteRunnerWorker.java:86)
	at org.testng.TestNG.runSuitesSequentially(TestNG.java:1301)
	at org.testng.TestNG.runSuitesLocally(TestNG.java:1226)
	at org.testng.TestNG.runSuites(TestNG.java:1144)
	at org.testng.TestNG.run(TestNG.java:1115)
	at org.testng.remote.AbstractRemoteTestNG.run(AbstractRemoteTestNG.java:132)
	at org.testng.remote.RemoteTestNG.initAndRun(RemoteTestNG.java:230)
	at org.testng.remote.RemoteTestNG.main(RemoteTestNG.java:76)
]]>
            </full-stacktrace>
          </exception> <!-- org.testng.TestNGException -->
          <reporter-output>
          </reporter-output>
        </test-method> <!-- loginlogout -->
        <test-method status="PASS" signature="endReport()[pri:0, instance:org.testcases.LoginAndLogOut@4883b407]" name="endReport" is-config="true" duration-ms="1070" started-at="2020-12-24T12:46:13Z" finished-at="2020-12-24T12:46:14Z">
          <reporter-output>
          </reporter-output>
        </test-method> <!-- endReport -->
      </class> <!-- org.testcases.LoginAndLogOut -->
    </test> <!-- Default test -->
  </suite> <!-- Default suite -->
</testng-results>
